[debug] [2019-08-28T15:19:48.711Z] ----------------------------------------------------------------------
[debug] [2019-08-28T15:19:48.717Z] Command:       /usr/bin/node /usr/local/bin/firebase init
[debug] [2019-08-28T15:19:48.717Z] CLI Version:   7.3.0
[debug] [2019-08-28T15:19:48.717Z] Platform:      linux
[debug] [2019-08-28T15:19:48.717Z] Node Version:  v10.15.2
[debug] [2019-08-28T15:19:48.739Z] Time:          Wed Aug 28 2019 20:49:48 GMT+0530 (India Standard Time)
[debug] [2019-08-28T15:19:48.739Z] ----------------------------------------------------------------------
[debug] 
[debug] [2019-08-28T15:19:48.781Z] > command requires scopes: ["email","openid","https://www.googleapis.com/auth/cloudplatformprojects.readonly","https://www.googleapis.com/auth/firebase","https://www.googleapis.com/auth/cloud-platform"]
[debug] [2019-08-28T15:19:48.781Z] > authorizing via signed-in user
[info] 
     ######## #### ########  ######## ########     ###     ######  ########
     ##        ##  ##     ## ##       ##     ##  ##   ##  ##       ##
     ######    ##  ########  ######   ########  #########  ######  ######
     ##        ##  ##    ##  ##       ##     ## ##     ##       ## ##
     ##       #### ##     ## ######## ########  ##     ##  ######  ########

You're about to initialize a Firebase project in this directory:

  /home/amitabh/Documents/vsCode/Learnings

[debug] [2019-09-07T16:29:27.609Z] ----------------------------------------------------------------------
[debug] [2019-09-07T16:29:27.611Z] Command:       /usr/bin/node /usr/local/bin/firebase init
[debug] [2019-09-07T16:29:27.612Z] CLI Version:   7.3.0
[debug] [2019-09-07T16:29:27.612Z] Platform:      linux
[debug] [2019-09-07T16:29:27.612Z] Node Version:  v10.15.2
[debug] [2019-09-07T16:29:27.659Z] Time:          Sat Sep 07 2019 21:59:27 GMT+0530 (India Standard Time)
[debug] [2019-09-07T16:29:27.659Z] ----------------------------------------------------------------------
[debug] 
[debug] [2019-09-07T16:29:27.715Z] > command requires scopes: ["email","openid","https://www.googleapis.com/auth/cloudplatformprojects.readonly","https://www.googleapis.com/auth/firebase","https://www.googleapis.com/auth/cloud-platform"]
[debug] [2019-09-07T16:29:27.716Z] > authorizing via signed-in user
[info] 
     ######## #### ########  ######## ########     ###     ######  ########
     ##        ##  ##     ## ##       ##     ##  ##   ##  ##       ##
     ######    ##  ########  ######   ########  #########  ######  ######
     ##        ##  ##    ##  ##       ##     ## ##     ##       ## ##
     ##       #### ##     ## ######## ########  ##     ##  ######  ########

You're about to initialize a Firebase project in this directory:

  /home/amitabh/Documents/vsCode/Learnings

